<?xml version="1.0" encoding="UTF-8"?>
<!-- Generated by org.testng.reporters.JUnitReportReporter -->
<testsuite skipped="0" hostname="DESKTOP-KOMANDM" name="qaclickacademy.SeleniumTest" tests="2" failures="0" timestamp="10 Dec 2019 15:10:01 GMT" time="0.000" errors="0">
  <testcase name="BrowserAUtomation" time="0.000" classname="qaclickacademy.SeleniumTest"/>
  <testcase name="elementsUi" time="0.000" classname="qaclickacademy.SeleniumTest"/>
</testsuite> <!-- qaclickacademy.SeleniumTest -->
